Analysis & Synthesis report for TopLevel
Sat Feb 20 18:13:05 2021
Quartus Prime Version 20.1.1 Build 720 11/11/2020 SJ Lite Edition


---------------------
; Table of Contents ;
---------------------
  1. Legal Notice
  2. Analysis & Synthesis Summary
  3. Analysis & Synthesis Settings
  4. Parallel Compilation
  5. Analysis & Synthesis Source Files Read
  6. Analysis & Synthesis Resource Usage Summary
  7. Analysis & Synthesis Resource Utilization by Entity
  8. General Register Statistics
  9. Multiplexer Restructuring Statistics (Restructuring Performed)
 10. Parameter Settings for User Entity Instance: InstROM:IR1
 11. Parameter Settings for User Entity Instance: RegFile:RF1
 12. Port Connectivity Checks: "DataMem:DM1"
 13. Port Connectivity Checks: "ALU:ALU1"
 14. Port Connectivity Checks: "RegFile:RF1"
 15. Port Connectivity Checks: "Ctrl:Ctrl1"
 16. Post-Synthesis Netlist Statistics for Top Partition
 17. Elapsed Time Per Partition
 18. Analysis & Synthesis Messages



----------------
; Legal Notice ;
----------------
Copyright (C) 2020  Intel Corporation. All rights reserved.
Your use of Intel Corporation's design tools, logic functions 
and other software and tools, and any partner logic 
functions, and any output files from any of the foregoing 
(including device programming or simulation files), and any 
associated documentation or information are expressly subject 
to the terms and conditions of the Intel Program License 
Subscription Agreement, the Intel Quartus Prime License Agreement,
the Intel FPGA IP License Agreement, or other applicable license
agreement, including, without limitation, that your use is for
the sole purpose of programming logic devices manufactured by
Intel and sold by Intel or its authorized distributors.  Please
refer to the applicable agreement for further details, at
https://fpgasoftware.intel.com/eula.



+----------------------------------------------------------------------------------+
; Analysis & Synthesis Summary                                                     ;
+------------------------------------+---------------------------------------------+
; Analysis & Synthesis Status        ; Successful - Sat Feb 20 18:13:05 2021       ;
; Quartus Prime Version              ; 20.1.1 Build 720 11/11/2020 SJ Lite Edition ;
; Revision Name                      ; TopLevel                                    ;
; Top-level Entity Name              ; TopLevel                                    ;
; Family                             ; Cyclone IV E                                ;
; Total logic elements               ; 18                                          ;
;     Total combinational functions  ; 18                                          ;
;     Dedicated logic registers      ; 10                                          ;
; Total registers                    ; 10                                          ;
; Total pins                         ; 4                                           ;
; Total virtual pins                 ; 0                                           ;
; Total memory bits                  ; 0                                           ;
; Embedded Multiplier 9-bit elements ; 0                                           ;
; Total PLLs                         ; 0                                           ;
+------------------------------------+---------------------------------------------+


+------------------------------------------------------------------------------------------------------------+
; Analysis & Synthesis Settings                                                                              ;
+------------------------------------------------------------------+--------------------+--------------------+
; Option                                                           ; Setting            ; Default Value      ;
+------------------------------------------------------------------+--------------------+--------------------+
; Top-level entity name                                            ; TopLevel           ; TopLevel           ;
; Family name                                                      ; Cyclone IV E       ; Cyclone V          ;
; Use smart compilation                                            ; Off                ; Off                ;
; Enable parallel Assembler and Timing Analyzer during compilation ; On                 ; On                 ;
; Enable compact report table                                      ; Off                ; Off                ;
; Restructure Multiplexers                                         ; Auto               ; Auto               ;
; Create Debugging Nodes for IP Cores                              ; Off                ; Off                ;
; Preserve fewer node names                                        ; On                 ; On                 ;
; Intel FPGA IP Evaluation Mode                                    ; Enable             ; Enable             ;
; Verilog Version                                                  ; Verilog_2001       ; Verilog_2001       ;
; VHDL Version                                                     ; VHDL_1993          ; VHDL_1993          ;
; State Machine Processing                                         ; Auto               ; Auto               ;
; Safe State Machine                                               ; Off                ; Off                ;
; Extract Verilog State Machines                                   ; On                 ; On                 ;
; Extract VHDL State Machines                                      ; On                 ; On                 ;
; Ignore Verilog initial constructs                                ; Off                ; Off                ;
; Iteration limit for constant Verilog loops                       ; 5000               ; 5000               ;
; Iteration limit for non-constant Verilog loops                   ; 250                ; 250                ;
; Add Pass-Through Logic to Inferred RAMs                          ; On                 ; On                 ;
; Infer RAMs from Raw Logic                                        ; On                 ; On                 ;
; Parallel Synthesis                                               ; On                 ; On                 ;
; DSP Block Balancing                                              ; Auto               ; Auto               ;
; NOT Gate Push-Back                                               ; On                 ; On                 ;
; Power-Up Don't Care                                              ; On                 ; On                 ;
; Remove Redundant Logic Cells                                     ; Off                ; Off                ;
; Remove Duplicate Registers                                       ; On                 ; On                 ;
; Ignore CARRY Buffers                                             ; Off                ; Off                ;
; Ignore CASCADE Buffers                                           ; Off                ; Off                ;
; Ignore GLOBAL Buffers                                            ; Off                ; Off                ;
; Ignore ROW GLOBAL Buffers                                        ; Off                ; Off                ;
; Ignore LCELL Buffers                                             ; Off                ; Off                ;
; Ignore SOFT Buffers                                              ; On                 ; On                 ;
; Limit AHDL Integers to 32 Bits                                   ; Off                ; Off                ;
; Optimization Technique                                           ; Balanced           ; Balanced           ;
; Carry Chain Length                                               ; 70                 ; 70                 ;
; Auto Carry Chains                                                ; On                 ; On                 ;
; Auto Open-Drain Pins                                             ; On                 ; On                 ;
; Perform WYSIWYG Primitive Resynthesis                            ; Off                ; Off                ;
; Auto ROM Replacement                                             ; On                 ; On                 ;
; Auto RAM Replacement                                             ; On                 ; On                 ;
; Auto DSP Block Replacement                                       ; On                 ; On                 ;
; Auto Shift Register Replacement                                  ; Auto               ; Auto               ;
; Allow Shift Register Merging across Hierarchies                  ; Auto               ; Auto               ;
; Auto Clock Enable Replacement                                    ; On                 ; On                 ;
; Strict RAM Replacement                                           ; Off                ; Off                ;
; Allow Synchronous Control Signals                                ; On                 ; On                 ;
; Force Use of Synchronous Clear Signals                           ; Off                ; Off                ;
; Auto RAM Block Balancing                                         ; On                 ; On                 ;
; Auto RAM to Logic Cell Conversion                                ; Off                ; Off                ;
; Auto Resource Sharing                                            ; Off                ; Off                ;
; Allow Any RAM Size For Recognition                               ; Off                ; Off                ;
; Allow Any ROM Size For Recognition                               ; Off                ; Off                ;
; Allow Any Shift Register Size For Recognition                    ; Off                ; Off                ;
; Use LogicLock Constraints during Resource Balancing              ; On                 ; On                 ;
; Ignore translate_off and synthesis_off directives                ; Off                ; Off                ;
; Timing-Driven Synthesis                                          ; On                 ; On                 ;
; Report Parameter Settings                                        ; On                 ; On                 ;
; Report Source Assignments                                        ; On                 ; On                 ;
; Report Connectivity Checks                                       ; On                 ; On                 ;
; Ignore Maximum Fan-Out Assignments                               ; Off                ; Off                ;
; Synchronization Register Chain Length                            ; 2                  ; 2                  ;
; Power Optimization During Synthesis                              ; Normal compilation ; Normal compilation ;
; HDL message level                                                ; Level2             ; Level2             ;
; Suppress Register Optimization Related Messages                  ; Off                ; Off                ;
; Number of Removed Registers Reported in Synthesis Report         ; 5000               ; 5000               ;
; Number of Swept Nodes Reported in Synthesis Report               ; 5000               ; 5000               ;
; Number of Inverted Registers Reported in Synthesis Report        ; 100                ; 100                ;
; Clock MUX Protection                                             ; On                 ; On                 ;
; Auto Gated Clock Conversion                                      ; Off                ; Off                ;
; Block Design Naming                                              ; Auto               ; Auto               ;
; SDC constraint protection                                        ; Off                ; Off                ;
; Synthesis Effort                                                 ; Auto               ; Auto               ;
; Shift Register Replacement - Allow Asynchronous Clear Signal     ; On                 ; On                 ;
; Pre-Mapping Resynthesis Optimization                             ; Off                ; Off                ;
; Analysis & Synthesis Message Level                               ; Medium             ; Medium             ;
; Disable Register Merging Across Hierarchies                      ; Auto               ; Auto               ;
; Resource Aware Inference For Block RAM                           ; On                 ; On                 ;
+------------------------------------------------------------------+--------------------+--------------------+


+------------------------------------------+
; Parallel Compilation                     ;
+----------------------------+-------------+
; Processors                 ; Number      ;
+----------------------------+-------------+
; Number detected on machine ; 12          ;
; Maximum allowed            ; 12          ;
;                            ;             ;
; Average used               ; 1.00        ;
; Maximum used               ; 12          ;
;                            ;             ;
; Usage by Processor         ; % Time Used ;
;     Processor 1            ; 100.0%      ;
;     Processors 2-12        ;   0.0%      ;
+----------------------------+-------------+


+------------------------------------------------------------------------------------------------------------------------------------------------------------------------------------------------+
; Analysis & Synthesis Source Files Read                                                                                                                                                         ;
+----------------------------------+-----------------+------------------------------+--------------------------------------------------------------------------------------------------+---------+
; File Name with User-Entered Path ; Used in Netlist ; File Type                    ; File Name with Absolute Path                                                                     ; Library ;
+----------------------------------+-----------------+------------------------------+--------------------------------------------------------------------------------------------------+---------+
; machine_code.txt                 ; yes             ; User File                    ; C:/Users/Daniel/Desktop/School/Winter 2021/CSE141L/lucas_processor/verilog_code/machine_code.txt ;         ;
; TopLevel.sv                      ; yes             ; User SystemVerilog HDL File  ; C:/Users/Daniel/Desktop/School/Winter 2021/CSE141L/lucas_processor/verilog_code/TopLevel.sv      ;         ;
; RegFile.sv                       ; yes             ; User SystemVerilog HDL File  ; C:/Users/Daniel/Desktop/School/Winter 2021/CSE141L/lucas_processor/verilog_code/RegFile.sv       ;         ;
; InstROM.sv                       ; yes             ; User SystemVerilog HDL File  ; C:/Users/Daniel/Desktop/School/Winter 2021/CSE141L/lucas_processor/verilog_code/InstROM.sv       ;         ;
; InstFetch.sv                     ; yes             ; User SystemVerilog HDL File  ; C:/Users/Daniel/Desktop/School/Winter 2021/CSE141L/lucas_processor/verilog_code/InstFetch.sv     ;         ;
; Definitions.sv                   ; yes             ; User SystemVerilog HDL File  ; C:/Users/Daniel/Desktop/School/Winter 2021/CSE141L/lucas_processor/verilog_code/Definitions.sv   ;         ;
; DataMem.sv                       ; yes             ; User SystemVerilog HDL File  ; C:/Users/Daniel/Desktop/School/Winter 2021/CSE141L/lucas_processor/verilog_code/DataMem.sv       ;         ;
; Ctrl.sv                          ; yes             ; User SystemVerilog HDL File  ; C:/Users/Daniel/Desktop/School/Winter 2021/CSE141L/lucas_processor/verilog_code/Ctrl.sv          ;         ;
; ALU.sv                           ; yes             ; User SystemVerilog HDL File  ; C:/Users/Daniel/Desktop/School/Winter 2021/CSE141L/lucas_processor/verilog_code/ALU.sv           ;         ;
+----------------------------------+-----------------+------------------------------+--------------------------------------------------------------------------------------------------+---------+


+---------------------------------------------------------------------------+
; Analysis & Synthesis Resource Usage Summary                               ;
+---------------------------------------------+-----------------------------+
; Resource                                    ; Usage                       ;
+---------------------------------------------+-----------------------------+
; Estimated Total logic elements              ; 18                          ;
;                                             ;                             ;
; Total combinational functions               ; 18                          ;
; Logic element usage by number of LUT inputs ;                             ;
;     -- 4 input functions                    ; 6                           ;
;     -- 3 input functions                    ; 0                           ;
;     -- <=2 input functions                  ; 12                          ;
;                                             ;                             ;
; Logic elements by mode                      ;                             ;
;     -- normal mode                          ; 9                           ;
;     -- arithmetic mode                      ; 9                           ;
;                                             ;                             ;
; Total registers                             ; 10                          ;
;     -- Dedicated logic registers            ; 10                          ;
;     -- I/O registers                        ; 0                           ;
;                                             ;                             ;
; I/O pins                                    ; 4                           ;
;                                             ;                             ;
; Embedded Multiplier 9-bit elements          ; 0                           ;
;                                             ;                             ;
; Maximum fan-out node                        ; InstFetch:IF1|ProgCtr[0]~37 ;
; Maximum fan-out                             ; 10                          ;
; Total fan-out                               ; 92                          ;
; Average fan-out                             ; 2.56                        ;
+---------------------------------------------+-----------------------------+


+--------------------------------------------------------------------------------------------------------------------------------------------------------------------------------------------------------------+
; Analysis & Synthesis Resource Utilization by Entity                                                                                                                                                          ;
+----------------------------+---------------------+---------------------------+-------------+--------------+---------+-----------+------+--------------+-------------------------+-------------+--------------+
; Compilation Hierarchy Node ; Combinational ALUTs ; Dedicated Logic Registers ; Memory Bits ; DSP Elements ; DSP 9x9 ; DSP 18x18 ; Pins ; Virtual Pins ; Full Hierarchy Name     ; Entity Name ; Library Name ;
+----------------------------+---------------------+---------------------------+-------------+--------------+---------+-----------+------+--------------+-------------------------+-------------+--------------+
; |TopLevel                  ; 18 (3)              ; 10 (0)                    ; 0           ; 0            ; 0       ; 0         ; 4    ; 0            ; |TopLevel               ; TopLevel    ; work         ;
;    |InstFetch:IF1|         ; 15 (15)             ; 10 (10)                   ; 0           ; 0            ; 0       ; 0         ; 0    ; 0            ; |TopLevel|InstFetch:IF1 ; InstFetch   ; work         ;
+----------------------------+---------------------+---------------------------+-------------+--------------+---------+-----------+------+--------------+-------------------------+-------------+--------------+
Note: For table entries with two numbers listed, the numbers in parentheses indicate the number of resources of the given type used by the specific entity alone. The numbers listed outside of parentheses indicate the total resources of the given type used by the specific entity and all of its sub-entities in the hierarchy.


+------------------------------------------------------+
; General Register Statistics                          ;
+----------------------------------------------+-------+
; Statistic                                    ; Value ;
+----------------------------------------------+-------+
; Total registers                              ; 10    ;
; Number of registers using Synchronous Clear  ; 10    ;
; Number of registers using Synchronous Load   ; 0     ;
; Number of registers using Asynchronous Clear ; 0     ;
; Number of registers using Asynchronous Load  ; 0     ;
; Number of registers using Clock Enable       ; 10    ;
; Number of registers using Preset             ; 0     ;
+----------------------------------------------+-------+


+--------------------------------------------------------------------------------------------------------------------------------------------------+
; Multiplexer Restructuring Statistics (Restructuring Performed)                                                                                   ;
+--------------------+-----------+---------------+----------------------+------------------------+------------+------------------------------------+
; Multiplexer Inputs ; Bus Width ; Baseline Area ; Area if Restructured ; Saving if Restructured ; Registered ; Example Multiplexer Output         ;
+--------------------+-----------+---------------+----------------------+------------------------+------------+------------------------------------+
; 5:1                ; 10 bits   ; 30 LEs        ; 10 LEs               ; 20 LEs                 ; Yes        ; |TopLevel|InstFetch:IF1|ProgCtr[0] ;
+--------------------+-----------+---------------+----------------------+------------------------+------------+------------------------------------+


+----------------------------------------------------------+
; Parameter Settings for User Entity Instance: InstROM:IR1 ;
+----------------+-------+---------------------------------+
; Parameter Name ; Value ; Type                            ;
+----------------+-------+---------------------------------+
; A              ; 10    ; Signed Integer                  ;
; W              ; 9     ; Signed Integer                  ;
+----------------+-------+---------------------------------+
Note: In order to hide this table in the UI and the text report file, please set the "Show Parameter Settings in Synthesis Report" option in "Analysis and Synthesis Settings -> More Settings" to "Off".


+----------------------------------------------------------+
; Parameter Settings for User Entity Instance: RegFile:RF1 ;
+----------------+-------+---------------------------------+
; Parameter Name ; Value ; Type                            ;
+----------------+-------+---------------------------------+
; W              ; 8     ; Signed Integer                  ;
; D              ; 3     ; Signed Integer                  ;
+----------------+-------+---------------------------------+
Note: In order to hide this table in the UI and the text report file, please set the "Show Parameter Settings in Synthesis Report" option in "Analysis and Synthesis Settings -> More Settings" to "Off".


+-----------------------------------------------+
; Port Connectivity Checks: "DataMem:DM1"       ;
+-------------+-------+----------+--------------+
; Port        ; Type  ; Severity ; Details      ;
+-------------+-------+----------+--------------+
; DataAddress ; Input ; Info     ; Stuck at GND ;
; DataIn      ; Input ; Info     ; Stuck at GND ;
+-------------+-------+----------+--------------+


+------------------------------------------+
; Port Connectivity Checks: "ALU:ALU1"     ;
+--------+-------+----------+--------------+
; Port   ; Type  ; Severity ; Details      ;
+--------+-------+----------+--------------+
; InputA ; Input ; Info     ; Stuck at GND ;
; InputB ; Input ; Info     ; Stuck at GND ;
+--------+-------+----------+--------------+


+-------------------------------------------------------+
; Port Connectivity Checks: "RegFile:RF1"               ;
+----------+--------+----------+------------------------+
; Port     ; Type   ; Severity ; Details                ;
+----------+--------+----------+------------------------+
; WriteEn  ; Input  ; Info     ; Stuck at GND           ;
; DataOutA ; Output ; Info     ; Explicitly unconnected ;
; DataOutB ; Output ; Info     ; Explicitly unconnected ;
; DataOutC ; Output ; Info     ; Explicitly unconnected ;
+----------+--------+----------+------------------------+


+--------------------------------------------------------------------------------------------------------------------+
; Port Connectivity Checks: "Ctrl:Ctrl1"                                                                             ;
+----------+--------+----------+-------------------------------------------------------------------------------------+
; Port     ; Type   ; Severity ; Details                                                                             ;
+----------+--------+----------+-------------------------------------------------------------------------------------+
; GenRegEn ; Output ; Info     ; Connected to dangling logic. Logic that only feeds a dangling port will be removed. ;
+----------+--------+----------+-------------------------------------------------------------------------------------+


+-----------------------------------------------------+
; Post-Synthesis Netlist Statistics for Top Partition ;
+-----------------------+-----------------------------+
; Type                  ; Count                       ;
+-----------------------+-----------------------------+
; boundary_port         ; 4                           ;
; cycloneiii_ff         ; 10                          ;
;     ENA SCLR          ; 10                          ;
; cycloneiii_lcell_comb ; 18                          ;
;     arith             ; 9                           ;
;         2 data inputs ; 9                           ;
;     normal            ; 9                           ;
;         1 data inputs ; 1                           ;
;         2 data inputs ; 2                           ;
;         4 data inputs ; 6                           ;
;                       ;                             ;
; Max LUT depth         ; 4.00                        ;
; Average LUT depth     ; 2.29                        ;
+-----------------------+-----------------------------+


+-------------------------------+
; Elapsed Time Per Partition    ;
+----------------+--------------+
; Partition Name ; Elapsed Time ;
+----------------+--------------+
; Top            ; 00:00:00     ;
+----------------+--------------+


+-------------------------------+
; Analysis & Synthesis Messages ;
+-------------------------------+
Info: *******************************************************************
Info: Running Quartus Prime Analysis & Synthesis
    Info: Version 20.1.1 Build 720 11/11/2020 SJ Lite Edition
    Info: Processing started: Sat Feb 20 18:12:57 2021
Info: Command: quartus_map --read_settings_files=on --write_settings_files=off TopLevel -c TopLevel
Warning (18236): Number of processors has not been specified which may cause overloading on shared machines.  Set the global assignment NUM_PARALLEL_PROCESSORS in your QSF to an appropriate value for best performance.
Info (20030): Parallel compilation is enabled and will use 12 of the 12 processors detected
Info (12021): Found 1 design units, including 1 entities, in source file toplevel_tb.sv
    Info (12023): Found entity 1: TopLevel_tb File: C:/Users/Daniel/Desktop/School/Winter 2021/CSE141L/lucas_processor/verilog_code/TopLevel_tb.sv Line: 8
Info (12021): Found 1 design units, including 1 entities, in source file toplevel.sv
    Info (12023): Found entity 1: TopLevel File: C:/Users/Daniel/Desktop/School/Winter 2021/CSE141L/lucas_processor/verilog_code/TopLevel.sv Line: 6
Info (12021): Found 1 design units, including 1 entities, in source file regfile.sv
    Info (12023): Found entity 1: RegFile File: C:/Users/Daniel/Desktop/School/Winter 2021/CSE141L/lucas_processor/verilog_code/RegFile.sv Line: 10
Info (12021): Found 1 design units, including 1 entities, in source file lut.sv
    Info (12023): Found entity 1: LUT File: C:/Users/Daniel/Desktop/School/Winter 2021/CSE141L/lucas_processor/verilog_code/LUT.sv Line: 6
Info (12021): Found 1 design units, including 1 entities, in source file instrom.sv
    Info (12023): Found entity 1: InstROM File: C:/Users/Daniel/Desktop/School/Winter 2021/CSE141L/lucas_processor/verilog_code/InstROM.sv Line: 11
Info (12021): Found 1 design units, including 1 entities, in source file instfetch.sv
    Info (12023): Found entity 1: InstFetch File: C:/Users/Daniel/Desktop/School/Winter 2021/CSE141L/lucas_processor/verilog_code/InstFetch.sv Line: 8
Info (12021): Found 1 design units, including 0 entities, in source file definitions.sv
    Info (12022): Found design unit 1: definitions (SystemVerilog) File: C:/Users/Daniel/Desktop/School/Winter 2021/CSE141L/lucas_processor/verilog_code/Definitions.sv Line: 3
Info (12021): Found 1 design units, including 1 entities, in source file datamem.sv
    Info (12023): Found entity 1: DataMem File: C:/Users/Daniel/Desktop/School/Winter 2021/CSE141L/lucas_processor/verilog_code/DataMem.sv Line: 6
Info (12021): Found 1 design units, including 1 entities, in source file ctrl.sv
    Info (12023): Found entity 1: Ctrl File: C:/Users/Daniel/Desktop/School/Winter 2021/CSE141L/lucas_processor/verilog_code/Ctrl.sv Line: 6
Info (12021): Found 1 design units, including 1 entities, in source file alu.sv
    Info (12023): Found entity 1: ALU File: C:/Users/Daniel/Desktop/School/Winter 2021/CSE141L/lucas_processor/verilog_code/ALU.sv Line: 9
Warning (10236): Verilog HDL Implicit Net warning at TopLevel.sv(58): created implicit net for "LoadInst" File: C:/Users/Daniel/Desktop/School/Winter 2021/CSE141L/lucas_processor/verilog_code/TopLevel.sv Line: 58
Info (12127): Elaborating entity "TopLevel" for the top level hierarchy
Warning (10858): Verilog HDL warning at TopLevel.sv(17): object ReadB used but never assigned File: C:/Users/Daniel/Desktop/School/Winter 2021/CSE141L/lucas_processor/verilog_code/TopLevel.sv Line: 17
Warning (10030): Net "ReadA" at TopLevel.sv(17) has no driver or initial value, using a default initial value '0' File: C:/Users/Daniel/Desktop/School/Winter 2021/CSE141L/lucas_processor/verilog_code/TopLevel.sv Line: 17
Warning (10030): Net "ReadB" at TopLevel.sv(17) has no driver or initial value, using a default initial value '0' File: C:/Users/Daniel/Desktop/School/Winter 2021/CSE141L/lucas_processor/verilog_code/TopLevel.sv Line: 17
Warning (10030): Net "MemWriteValue" at TopLevel.sv(21) has no driver or initial value, using a default initial value '0' File: C:/Users/Daniel/Desktop/School/Winter 2021/CSE141L/lucas_processor/verilog_code/TopLevel.sv Line: 21
Warning (10030): Net "RegWrEn" at TopLevel.sv(24) has no driver or initial value, using a default initial value '0' File: C:/Users/Daniel/Desktop/School/Winter 2021/CSE141L/lucas_processor/verilog_code/TopLevel.sv Line: 24
Info (12128): Elaborating entity "InstFetch" for hierarchy "InstFetch:IF1" File: C:/Users/Daniel/Desktop/School/Winter 2021/CSE141L/lucas_processor/verilog_code/TopLevel.sv Line: 43
Warning (10230): Verilog HDL assignment warning at InstFetch.sv(30): truncated value with size 32 to match size of target (10) File: C:/Users/Daniel/Desktop/School/Winter 2021/CSE141L/lucas_processor/verilog_code/InstFetch.sv Line: 30
Info (12128): Elaborating entity "Ctrl" for hierarchy "Ctrl:Ctrl1" File: C:/Users/Daniel/Desktop/School/Winter 2021/CSE141L/lucas_processor/verilog_code/TopLevel.sv Line: 51
Info (12128): Elaborating entity "InstROM" for hierarchy "InstROM:IR1" File: C:/Users/Daniel/Desktop/School/Winter 2021/CSE141L/lucas_processor/verilog_code/TopLevel.sv Line: 56
Warning (10850): Verilog HDL warning at InstROM.sv(43): number of words (19) in memory file does not match the number of elements in the address range [0:1023] File: C:/Users/Daniel/Desktop/School/Winter 2021/CSE141L/lucas_processor/verilog_code/InstROM.sv Line: 43
Warning (10030): Net "inst_rom.data_a" at InstROM.sv(39) has no driver or initial value, using a default initial value '0' File: C:/Users/Daniel/Desktop/School/Winter 2021/CSE141L/lucas_processor/verilog_code/InstROM.sv Line: 39
Warning (10030): Net "inst_rom.waddr_a" at InstROM.sv(39) has no driver or initial value, using a default initial value '0' File: C:/Users/Daniel/Desktop/School/Winter 2021/CSE141L/lucas_processor/verilog_code/InstROM.sv Line: 39
Warning (10030): Net "inst_rom.we_a" at InstROM.sv(39) has no driver or initial value, using a default initial value '0' File: C:/Users/Daniel/Desktop/School/Winter 2021/CSE141L/lucas_processor/verilog_code/InstROM.sv Line: 39
Info (12128): Elaborating entity "RegFile" for hierarchy "RegFile:RF1" File: C:/Users/Daniel/Desktop/School/Winter 2021/CSE141L/lucas_processor/verilog_code/TopLevel.sv Line: 70
Info (12128): Elaborating entity "ALU" for hierarchy "ALU:ALU1" File: C:/Users/Daniel/Desktop/School/Winter 2021/CSE141L/lucas_processor/verilog_code/TopLevel.sv Line: 85
Warning (10036): Verilog HDL or VHDL warning at ALU.sv(17): object "op_mnemonic" assigned a value but never read File: C:/Users/Daniel/Desktop/School/Winter 2021/CSE141L/lucas_processor/verilog_code/ALU.sv Line: 17
Info (12128): Elaborating entity "DataMem" for hierarchy "DataMem:DM1" File: C:/Users/Daniel/Desktop/School/Winter 2021/CSE141L/lucas_processor/verilog_code/TopLevel.sv Line: 94
Warning (127007): Memory Initialization File or Hexadecimal (Intel-Format) File "C:/Users/Daniel/Desktop/School/Winter 2021/CSE141L/lucas_processor/verilog_code/db/TopLevel.ram0_InstROM_15efe571.hdl.mif" contains "don't care" values -- overwriting them with 0s
Info (286030): Timing-Driven Synthesis is running
Info (16010): Generating hard_block partition "hard_block:auto_generated_inst"
    Info (16011): Adding 0 node(s), including 0 DDIO, 0 PLL, 0 transceiver and 0 LCELL
Info (21057): Implemented 22 device resources after synthesis - the final resource count might be different
    Info (21058): Implemented 3 input pins
    Info (21059): Implemented 1 output pins
    Info (21061): Implemented 18 logic cells
Info: Quartus Prime Analysis & Synthesis was successful. 0 errors, 14 warnings
    Info: Peak virtual memory: 4822 megabytes
    Info: Processing ended: Sat Feb 20 18:13:05 2021
    Info: Elapsed time: 00:00:08
    Info: Total CPU time (on all processors): 00:00:14


